<?xml version="1.0" encoding="UTF-8"?>
<testsuite xmlns:xsi="http://www.w3.org/2001/XMLSchema-instance" xsi:noNamespaceSchemaLocation="https://maven.apache.org/surefire/maven-surefire-plugin/xsd/surefire-test-report.xsd" name="com.upload.service.impl.StorageServiceImplTest" time="0.401" tests="8" errors="0" skipped="0" failures="0">
  <properties>
[...]
</properties>
  <testcase name="getFilesCount" classname="com.upload.service.impl.StorageServiceImplTest" time="0.091"/>
  <testcase name="create" classname="com.upload.service.impl.StorageServiceImplTest" time="0.002"/>
  <testcase name="delete" classname="com.upload.service.impl.StorageServiceImplTest" time="0.003"/>
  <testcase name="update" classname="com.upload.service.impl.StorageServiceImplTest" time="0.002"/>
  <testcase name="filterByRegex" classname="com.upload.service.impl.StorageServiceImplTest" time="0.044"/>
  <testcase name="deleteAll" classname="com.upload.service.impl.StorageServiceImplTest" time="0.02"/>
  <testcase name="createDuplicate" classname="com.upload.service.impl.StorageServiceImplTest" time="0.002"/>
  <testcase name="read" classname="com.upload.service.impl.StorageServiceImplTest" time="0.002"/>
</testsuite>